SF:lib/core/locator.dart
DA:4,3
DA:6,1
DA:7,4
LF:3
LH:3
end_of_record
SF:lib/features/star_wars_people/domain/star_wars_people_viewmodel.dart
DA:11,1
DA:12,2
DA:13,1
DA:14,4
DA:15,1
DA:17,0
LF:6
LH:5
end_of_record
SF:lib/main.dart
DA:8,0
DA:9,0
DA:11,0
DA:12,0
DA:13,0
DA:14,0
DA:22,1
DA:25,0
DA:27,0
DA:29,0
DA:32,0
LF:11
LH:1
end_of_record
SF:lib/core/services/api/api_service.dart
DA:8,3
DA:14,0
DA:15,0
DA:18,0
DA:19,0
DA:20,0
DA:25,1
DA:26,1
DA:29,1
DA:31,1
DA:33,2
DA:35,4
DA:37,3
DA:38,1
DA:40,0
DA:43,0
LF:16
LH:9
end_of_record
SF:lib/core/models/people_result.dart
DA:4,0
DA:15,1
DA:16,2
DA:17,2
DA:18,1
DA:19,7
DA:22,0
DA:23,0
DA:24,0
DA:25,0
DA:26,0
DA:27,0
LF:12
LH:5
end_of_record
SF:lib/core/models/star_wars_person.dart
DA:2,0
DA:35,1
DA:36,2
DA:37,2
DA:38,2
DA:39,2
DA:40,2
DA:41,2
DA:42,2
DA:43,2
DA:44,2
DA:45,3
DA:46,3
DA:47,3
DA:48,2
DA:49,2
DA:50,2
DA:53,0
DA:54,0
DA:55,0
DA:56,0
DA:57,0
DA:58,0
DA:59,0
DA:60,0
DA:61,0
DA:62,0
DA:63,0
DA:64,0
DA:65,0
DA:66,0
DA:67,0
DA:68,0
DA:69,0
LF:34
LH:16
end_of_record
SF:lib/core/repositories/people_repository.dart
DA:10,1
DA:11,2
DA:13,1
DA:14,0
DA:17,3
DA:20,0
DA:21,0
DA:23,0
DA:24,0
DA:27,0
LF:10
LH:4
end_of_record
SF:lib/features/star_wars_people/presentation/star_wars_people.dart
DA:8,0
DA:10,0
DA:12,0
DA:13,0
DA:16,0
DA:17,0
DA:18,0
DA:19,0
DA:20,0
DA:21,0
DA:22,0
DA:23,0
DA:24,0
DA:26,0
DA:27,0
DA:28,0
DA:38,0
DA:39,0
DA:40,0
DA:50,0
DA:52,0
DA:54,0
DA:55,0
DA:56,0
DA:58,0
DA:59,0
DA:60,0
DA:61,0
LF:28
LH:0
end_of_record
